TN:
SF:src\context\authContext.js
FN:7,(anonymous_0)
FN:16,(anonymous_1)
FN:32,(anonymous_2)
FN:42,(anonymous_3)
FN:52,(anonymous_4)
FN:56,(anonymous_5)
FNF:6
FNH:0
FNDA:0,(anonymous_0)
FNDA:0,(anonymous_1)
FNDA:0,(anonymous_2)
FNDA:0,(anonymous_3)
FNDA:0,(anonymous_4)
FNDA:0,(anonymous_5)
DA:5,1
DA:7,1
DA:8,0
DA:14,0
DA:16,0
DA:17,0
DA:18,0
DA:19,0
DA:21,0
DA:22,0
DA:28,0
DA:32,0
DA:33,0
DA:34,0
DA:35,0
DA:36,0
DA:38,0
DA:42,0
DA:43,0
DA:44,0
DA:45,0
DA:46,0
DA:48,0
DA:52,0
DA:53,0
DA:56,0
DA:57,0
DA:60,0
LF:28
LH:2
BRF:0
BRH:0
end_of_record
TN:
SF:src\hooks\useReportAplication.js
FN:7,(anonymous_0)
FN:8,(anonymous_1)
FN:24,(anonymous_2)
FNF:3
FNH:1
FNDA:3,(anonymous_0)
FNDA:0,(anonymous_1)
FNDA:0,(anonymous_2)
DA:7,1
DA:8,3
DA:9,0
DA:10,0
DA:22,0
DA:23,0
DA:24,0
DA:25,0
DA:27,0
DA:32,0
DA:38,3
LF:11
LH:3
BRDA:23,0,0,0
BRDA:23,0,1,0
BRF:2
BRH:0
end_of_record
TN:
SF:src\pages\reportScreen\ReportApplicationScreen.js
FN:4,(anonymous_0)
FNF:1
FNH:1
FNDA:3,(anonymous_0)
DA:4,1
DA:5,3
DA:6,3
LF:3
LH:3
BRF:0
BRH:0
end_of_record
TN:
SF:src\pages\reportScreen\ReportScreenContainer.js
FN:9,ReportScreenContainer
FN:35,(anonymous_1)
FN:42,(anonymous_2)
FN:47,(anonymous_3)
FN:105,(anonymous_4)
FN:115,(anonymous_5)
FN:126,(anonymous_6)
FN:136,(anonymous_7)
FNF:8
FNH:5
FNDA:9,ReportScreenContainer
FNDA:4,(anonymous_1)
FNDA:0,(anonymous_2)
FNDA:2,(anonymous_3)
FNDA:3,(anonymous_4)
FNDA:0,(anonymous_5)
FNDA:0,(anonymous_6)
FNDA:1,(anonymous_7)
DA:10,9
DA:12,9
DA:13,9
DA:14,9
DA:23,9
DA:30,9
DA:31,9
DA:32,9
DA:35,9
DA:36,4
DA:42,9
DA:43,0
DA:44,0
DA:47,9
DA:48,2
DA:50,2
DA:53,0
DA:54,0
DA:55,0
DA:56,0
DA:57,0
DA:67,9
DA:105,3
DA:115,0
DA:126,0
DA:136,1
DA:151,1
LF:27
LH:18
BRDA:48,0,0,2
BRDA:48,0,1,0
BRDA:48,1,0,2
BRDA:48,1,1,2
BRDA:48,1,2,0
BRDA:48,1,3,0
BRDA:48,1,4,0
BRDA:74,2,0,2
BRDA:74,2,1,7
BRDA:93,3,0,0
BRDA:93,3,1,9
BRF:11
BRH:6
end_of_record
TN:
SF:src\utils\button.js
FN:3,(anonymous_0)
FNF:1
FNH:1
FNDA:9,(anonymous_0)
DA:4,9
DA:30,1
LF:2
LH:2
BRDA:15,0,0,9
BRDA:15,0,1,0
BRDA:21,1,0,0
BRDA:21,1,1,9
BRF:4
BRH:2
end_of_record
